app/build/intermediates/manifest_merge_blame_file/release/manifest-merger-blame-release-report.txt
1<?xml version="1.0" encoding="utf-8"?>
2<manifest xmlns:android="http://schemas.android.com/apk/res/android"
3    package="com.justemazine.shareyou"
4    android:versionCode="1"
5    android:versionName="1.0.2" >
6
7    <uses-sdk
8        android:minSdkVersion="16"
8-->src\main\AndroidManifest.xml
9        android:targetSdkVersion="30" />
9-->src\main\AndroidManifest.xml
10
11    <uses-permission android:name="android.permission.ACCESS_WIFI_STATE" />
11-->src\main\AndroidManifest.xml:6:5-76
11-->src\main\AndroidManifest.xml:6:22-73
12    <uses-permission android:name="android.permission.ACCESS_NETWORK_STATE" />
12-->src\main\AndroidManifest.xml:7:5-79
12-->src\main\AndroidManifest.xml:7:22-76
13    <uses-permission android:name="android.permission.CHANGE_WIFI_STATE" />
13-->src\main\AndroidManifest.xml:8:5-76
13-->src\main\AndroidManifest.xml:8:22-73
14    <uses-permission android:name="android.permission.CHANGE_NETWORK_STATE" />
14-->src\main\AndroidManifest.xml:9:5-79
14-->src\main\AndroidManifest.xml:9:22-76
15    <uses-permission android:name="android.permission.INTERNET" />
15-->src\main\AndroidManifest.xml:10:5-67
15-->src\main\AndroidManifest.xml:10:22-64
16    <uses-permission android:name="android.permission.FOREGROUND_SERVICE" />
16-->src\main\AndroidManifest.xml:11:5-77
16-->src\main\AndroidManifest.xml:11:22-74
17    <uses-permission android:name="android.permission.READ_PHONE_STATE" />
17-->src\main\AndroidManifest.xml:12:5-75
17-->src\main\AndroidManifest.xml:12:22-72
18    <uses-permission android:name="android.permission.REQUEST_INSTALL_PACKAGES" />
18-->src\main\AndroidManifest.xml:13:5-83
18-->src\main\AndroidManifest.xml:13:22-80
19    <uses-permission android:name="android.permission.SYSTEM_ALERT_WINDOW" />
19-->src\main\AndroidManifest.xml:14:5-78
19-->src\main\AndroidManifest.xml:14:22-75
20    <uses-permission android:name="android.permission.WRITE_EXTERNAL_STORAGE" />
20-->src\main\AndroidManifest.xml:15:5-81
20-->src\main\AndroidManifest.xml:15:22-78
21    <uses-permission android:name="android.permission.WRITE_SETTINGS" />
21-->src\main\AndroidManifest.xml:16:5-17:47
21-->src\main\AndroidManifest.xml:16:22-70
22    <uses-permission android:name="android.permission.ACCESS_COARSE_LOCATION" />
22-->src\main\AndroidManifest.xml:18:5-81
22-->src\main\AndroidManifest.xml:18:22-78
23    <uses-permission android:name="android.permission.ACCESS_FINE_LOCATION" />
23-->src\main\AndroidManifest.xml:19:5-79
23-->src\main\AndroidManifest.xml:19:22-76
24    <uses-permission android:name="android.permission.VIBRATE" />
24-->src\main\AndroidManifest.xml:20:5-66
24-->src\main\AndroidManifest.xml:20:22-63
25    <uses-permission android:name="android.permission.WAKE_LOCK" />
25-->src\main\AndroidManifest.xml:22:5-68
25-->src\main\AndroidManifest.xml:22:22-65
26
27    <!-- Create a unique permission for your app and use it so only your app can receive your OneSignal messages. -->
28    <permission
28-->[com.onesignal:OneSignal:3.14.1] AndroidManifest.xml:7:5-9:47
29        android:name="com.justemazine.shareyou.permission.C2D_MESSAGE"
29-->[com.onesignal:OneSignal:3.14.1] AndroidManifest.xml:8:9-63
30        android:protectionLevel="signature" />
30-->[com.onesignal:OneSignal:3.14.1] AndroidManifest.xml:9:9-44
31
32    <uses-permission android:name="com.justemazine.shareyou.permission.C2D_MESSAGE" />
32-->[com.onesignal:OneSignal:3.14.1] AndroidManifest.xml:11:5-79
32-->[com.onesignal:OneSignal:3.14.1] AndroidManifest.xml:11:22-76
33    <uses-permission android:name="com.google.android.c2dm.permission.RECEIVE" />
33-->[com.onesignal:OneSignal:3.14.1] AndroidManifest.xml:17:5-82
33-->[com.onesignal:OneSignal:3.14.1] AndroidManifest.xml:17:22-79
34    <!--
35 Use to restore notifications the user hasn't interacted with.
36         They could be missed notifications if the user reboots their device if this isn't in place.
37    -->
38    <uses-permission android:name="android.permission.RECEIVE_BOOT_COMPLETED" /> <!-- START: ShortcutBadger -->
38-->[com.onesignal:OneSignal:3.14.1] AndroidManifest.xml:29:5-81
38-->[com.onesignal:OneSignal:3.14.1] AndroidManifest.xml:29:22-78
39    <!-- Samsung -->
40    <uses-permission android:name="com.sec.android.provider.badge.permission.READ" />
40-->[com.onesignal:OneSignal:3.14.1] AndroidManifest.xml:31:5-86
40-->[com.onesignal:OneSignal:3.14.1] AndroidManifest.xml:31:22-83
41    <uses-permission android:name="com.sec.android.provider.badge.permission.WRITE" /> <!-- HTC -->
41-->[com.onesignal:OneSignal:3.14.1] AndroidManifest.xml:32:5-87
41-->[com.onesignal:OneSignal:3.14.1] AndroidManifest.xml:32:22-84
42    <uses-permission android:name="com.htc.launcher.permission.READ_SETTINGS" />
42-->[com.onesignal:OneSignal:3.14.1] AndroidManifest.xml:33:5-81
42-->[com.onesignal:OneSignal:3.14.1] AndroidManifest.xml:33:22-78
43    <uses-permission android:name="com.htc.launcher.permission.UPDATE_SHORTCUT" /> <!-- Sony -->
43-->[com.onesignal:OneSignal:3.14.1] AndroidManifest.xml:34:5-83
43-->[com.onesignal:OneSignal:3.14.1] AndroidManifest.xml:34:22-80
44    <uses-permission android:name="com.sonyericsson.home.permission.BROADCAST_BADGE" />
44-->[com.onesignal:OneSignal:3.14.1] AndroidManifest.xml:35:5-88
44-->[com.onesignal:OneSignal:3.14.1] AndroidManifest.xml:35:22-85
45    <uses-permission android:name="com.sonymobile.home.permission.PROVIDER_INSERT_BADGE" /> <!-- Apex -->
45-->[com.onesignal:OneSignal:3.14.1] AndroidManifest.xml:36:5-92
45-->[com.onesignal:OneSignal:3.14.1] AndroidManifest.xml:36:22-89
46    <uses-permission android:name="com.anddoes.launcher.permission.UPDATE_COUNT" /> <!-- Solid -->
46-->[com.onesignal:OneSignal:3.14.1] AndroidManifest.xml:37:5-84
46-->[com.onesignal:OneSignal:3.14.1] AndroidManifest.xml:37:22-81
47    <uses-permission android:name="com.majeur.launcher.permission.UPDATE_BADGE" /> <!-- Huawei -->
47-->[com.onesignal:OneSignal:3.14.1] AndroidManifest.xml:38:5-83
47-->[com.onesignal:OneSignal:3.14.1] AndroidManifest.xml:38:22-80
48    <uses-permission android:name="com.huawei.android.launcher.permission.CHANGE_BADGE" />
48-->[com.onesignal:OneSignal:3.14.1] AndroidManifest.xml:39:5-91
48-->[com.onesignal:OneSignal:3.14.1] AndroidManifest.xml:39:22-88
49    <uses-permission android:name="com.huawei.android.launcher.permission.READ_SETTINGS" />
49-->[com.onesignal:OneSignal:3.14.1] AndroidManifest.xml:40:5-92
49-->[com.onesignal:OneSignal:3.14.1] AndroidManifest.xml:40:22-89
50    <uses-permission android:name="com.huawei.android.launcher.permission.WRITE_SETTINGS" /> <!-- ZUK -->
50-->[com.onesignal:OneSignal:3.14.1] AndroidManifest.xml:41:5-93
50-->[com.onesignal:OneSignal:3.14.1] AndroidManifest.xml:41:22-90
51    <uses-permission android:name="android.permission.READ_APP_BADGE" /> <!-- OPPO -->
51-->[com.onesignal:OneSignal:3.14.1] AndroidManifest.xml:42:5-73
51-->[com.onesignal:OneSignal:3.14.1] AndroidManifest.xml:42:22-70
52    <uses-permission android:name="com.oppo.launcher.permission.READ_SETTINGS" />
52-->[com.onesignal:OneSignal:3.14.1] AndroidManifest.xml:43:5-82
52-->[com.onesignal:OneSignal:3.14.1] AndroidManifest.xml:43:22-79
53    <uses-permission android:name="com.oppo.launcher.permission.WRITE_SETTINGS" /> <!-- EvMe -->
53-->[com.onesignal:OneSignal:3.14.1] AndroidManifest.xml:44:5-83
53-->[com.onesignal:OneSignal:3.14.1] AndroidManifest.xml:44:22-80
54    <uses-permission android:name="me.everything.badger.permission.BADGE_COUNT_READ" />
54-->[com.onesignal:OneSignal:3.14.1] AndroidManifest.xml:45:5-88
54-->[com.onesignal:OneSignal:3.14.1] AndroidManifest.xml:45:22-85
55    <uses-permission android:name="me.everything.badger.permission.BADGE_COUNT_WRITE" />
55-->[com.onesignal:OneSignal:3.14.1] AndroidManifest.xml:46:5-89
55-->[com.onesignal:OneSignal:3.14.1] AndroidManifest.xml:46:22-86
56    <uses-permission android:name="android.permission.CAMERA" /> <!-- Don't require camera, as this requires a rear camera. This allows it to work on the Nexus 7 -->
56-->[com.velitasali.tools.android:zxing:3.6.3] AndroidManifest.xml:11:5-65
56-->[com.velitasali.tools.android:zxing:3.6.3] AndroidManifest.xml:11:22-62
57    <uses-feature
57-->[com.velitasali.tools.android:zxing:3.6.3] AndroidManifest.xml:14:5-16:36
58        android:name="android.hardware.camera"
58-->[com.velitasali.tools.android:zxing:3.6.3] AndroidManifest.xml:15:9-47
59        android:required="false" />
59-->[com.velitasali.tools.android:zxing:3.6.3] AndroidManifest.xml:16:9-33
60    <uses-feature
60-->[com.velitasali.tools.android:zxing:3.6.3] AndroidManifest.xml:17:5-19:36
61        android:name="android.hardware.camera.front"
61-->[com.velitasali.tools.android:zxing:3.6.3] AndroidManifest.xml:18:9-53
62        android:required="false" /> <!-- TODO replace above two with next line after Android 4.2 -->
62-->[com.velitasali.tools.android:zxing:3.6.3] AndroidManifest.xml:19:9-33
63    <!-- <uses-feature android:name="android.hardware.camera.any"/> -->
64    <uses-feature
64-->[com.velitasali.tools.android:zxing:3.6.3] AndroidManifest.xml:22:5-24:36
65        android:name="android.hardware.camera.autofocus"
65-->[com.velitasali.tools.android:zxing:3.6.3] AndroidManifest.xml:23:9-57
66        android:required="false" />
66-->[com.velitasali.tools.android:zxing:3.6.3] AndroidManifest.xml:24:9-33
67    <uses-feature
67-->[com.velitasali.tools.android:zxing:3.6.3] AndroidManifest.xml:25:5-27:36
68        android:name="android.hardware.camera.flash"
68-->[com.velitasali.tools.android:zxing:3.6.3] AndroidManifest.xml:26:9-53
69        android:required="false" />
69-->[com.velitasali.tools.android:zxing:3.6.3] AndroidManifest.xml:27:9-33
70    <uses-feature
70-->[com.velitasali.tools.android:zxing:3.6.3] AndroidManifest.xml:28:5-30:36
71        android:name="android.hardware.screen.landscape"
71-->[com.velitasali.tools.android:zxing:3.6.3] AndroidManifest.xml:29:9-57
72        android:required="false" />
72-->[com.velitasali.tools.android:zxing:3.6.3] AndroidManifest.xml:30:9-33
73    <uses-feature
73-->[com.velitasali.tools.android:zxing:3.6.3] AndroidManifest.xml:31:5-33:36
74        android:name="android.hardware.wifi"
74-->[com.velitasali.tools.android:zxing:3.6.3] AndroidManifest.xml:32:9-45
75        android:required="false" />
75-->[com.velitasali.tools.android:zxing:3.6.3] AndroidManifest.xml:33:9-33
76
77    <application
77-->src\main\AndroidManifest.xml:24:5-213:19
78        android:name="com.justemazine.shareyou.base.App"
78-->src\main\AndroidManifest.xml:25:9-57
79        android:allowBackup="true"
79-->src\main\AndroidManifest.xml:26:9-35
80        android:appComponentFactory="@string/app_name"
80-->src\main\AndroidManifest.xml:27:9-55
81        android:fullBackupContent="true"
81-->src\main\AndroidManifest.xml:28:9-41
82        android:icon="@mipmap/ic_launcher"
82-->src\main\AndroidManifest.xml:29:9-43
83        android:label="@string/app_name"
83-->src\main\AndroidManifest.xml:30:9-41
84        android:supportsRtl="true"
84-->src\main\AndroidManifest.xml:31:9-35
85        android:theme="@style/Theme.TBShare" >
85-->src\main\AndroidManifest.xml:32:9-45
86        <meta-data
86-->src\main\AndroidManifest.xml:36:9-38:69
87            android:name="com.google.android.gms.version"
87-->src\main\AndroidManifest.xml:37:13-58
88            android:value="@integer/google_play_services_version" />
88-->src\main\AndroidManifest.xml:38:13-66
89
90        <activity
90-->src\main\AndroidManifest.xml:40:9-46:20
91            android:name="com.justemazine.shareyou.activity.MainActivity"
91-->src\main\AndroidManifest.xml:41:13-74
92            android:label="@string/app_name"
92-->src\main\AndroidManifest.xml:42:13-45
93            android:launchMode="singleTask"
93-->src\main\AndroidManifest.xml:43:13-44
94            android:theme="@style/Theme.TBShare.NoActionBar" >
94-->src\main\AndroidManifest.xml:44:13-61
95        </activity>
96        <activity
96-->src\main\AndroidManifest.xml:47:9-63:20
97            android:name="com.justemazine.shareyou.activity.ShareActivity"
97-->src\main\AndroidManifest.xml:48:13-75
98            android:label="@string/app_name"
98-->src\main\AndroidManifest.xml:49:13-45
99            android:theme="@style/Theme.TBShare.NoActionBar.StaticStatusBar" >
99-->src\main\AndroidManifest.xml:50:13-77
100            <intent-filter>
100-->src\main\AndroidManifest.xml:51:13-60:29
101                <action android:name="genonbeta.intent.action.TBShare_SEND_TEXT" />
101-->src\main\AndroidManifest.xml:52:17-84
101-->src\main\AndroidManifest.xml:52:25-81
102                <action android:name="android.intent.action.SEND" />
102-->src\main\AndroidManifest.xml:53:17-69
102-->src\main\AndroidManifest.xml:53:25-66
103                <action android:name="android.intent.action.SEND_MULTIPLE" />
103-->src\main\AndroidManifest.xml:54:17-78
103-->src\main\AndroidManifest.xml:54:25-75
104                <action android:name="genonbeta.intent.action.TBShare_SEND" />
104-->src\main\AndroidManifest.xml:55:17-79
104-->src\main\AndroidManifest.xml:55:25-76
105                <action android:name="genonbeta.intent.action.TBShare_SEND_MULTIPLE" />
105-->src\main\AndroidManifest.xml:56:17-88
105-->src\main\AndroidManifest.xml:56:25-85
106
107                <category android:name="android.intent.category.DEFAULT" />
107-->src\main\AndroidManifest.xml:58:17-76
107-->src\main\AndroidManifest.xml:58:27-73
108
109                <data android:mimeType="*/*" />
109-->src\main\AndroidManifest.xml:59:17-48
109-->src\main\AndroidManifest.xml:59:23-45
110            </intent-filter>
111        </activity>
112        <activity
112-->src\main\AndroidManifest.xml:65:9-68:80
113            android:name="com.justemazine.shareyou.activity.AddDevicesToTransferActivity"
113-->src\main\AndroidManifest.xml:66:13-90
114            android:label="@string/text_addDevicesToTransfer"
114-->src\main\AndroidManifest.xml:67:13-62
115            android:theme="@style/Theme.TBShare.NoActionBar.StaticStatusBar" />
115-->src\main\AndroidManifest.xml:68:13-77
116        <activity
116-->src\main\AndroidManifest.xml:70:9-73:80
117            android:name="com.justemazine.shareyou.activity.FileExplorerActivity"
117-->src\main\AndroidManifest.xml:71:13-82
118            android:label="@string/text_fileExplorer"
118-->src\main\AndroidManifest.xml:72:13-54
119            android:theme="@style/Theme.TBShare.NoActionBar.StaticStatusBar" />
119-->src\main\AndroidManifest.xml:73:13-77
120        <activity
120-->src\main\AndroidManifest.xml:75:9-78:80
121            android:name="com.justemazine.shareyou.activity.ConnectionManagerActivity"
121-->src\main\AndroidManifest.xml:76:13-87
122            android:label="@string/text_connectDevices"
122-->src\main\AndroidManifest.xml:77:13-56
123            android:theme="@style/Theme.TBShare.NoActionBar.StaticStatusBar" />
123-->src\main\AndroidManifest.xml:78:13-77
124        <activity
124-->src\main\AndroidManifest.xml:80:9-84:80
125            android:name="com.justemazine.shareyou.activity.ContentSharingActivity"
125-->src\main\AndroidManifest.xml:81:13-84
126            android:label="@string/text_send"
126-->src\main\AndroidManifest.xml:82:13-46
127            android:launchMode="singleTask"
127-->src\main\AndroidManifest.xml:83:13-44
128            android:theme="@style/Theme.TBShare.NoActionBar.StaticStatusBar" />
128-->src\main\AndroidManifest.xml:84:13-77
129        <activity
129-->src\main\AndroidManifest.xml:86:9-88:57
130            android:name="com.justemazine.shareyou.activity.FilePickerActivity"
130-->src\main\AndroidManifest.xml:87:13-80
131            android:label="@string/text_fileExplorer" />
131-->src\main\AndroidManifest.xml:88:13-54
132        <activity
132-->src\main\AndroidManifest.xml:90:9-108:20
133            android:name="com.justemazine.shareyou.activity.ViewTransferActivity"
133-->src\main\AndroidManifest.xml:91:13-82
134            android:label="@string/text_transactionViewer"
134-->src\main\AndroidManifest.xml:92:13-59
135            android:theme="@style/Theme.TBShare.NoActionBar.StaticStatusBar" >
135-->src\main\AndroidManifest.xml:93:13-77
136            <intent-filter>
136-->src\main\AndroidManifest.xml:94:13-107:29
137                <action android:name="android.intent.action.VIEW" />
137-->src\main\AndroidManifest.xml:95:17-69
137-->src\main\AndroidManifest.xml:95:25-66
138
139                <category android:name="android.intent.category.DEFAULT" />
139-->src\main\AndroidManifest.xml:58:17-76
139-->src\main\AndroidManifest.xml:58:27-73
140                <category android:name="android.intent.category.BROWSABLE" />
140-->src\main\AndroidManifest.xml:98:17-78
140-->src\main\AndroidManifest.xml:98:27-75
141
142                <data android:scheme="file" />
142-->src\main\AndroidManifest.xml:59:17-48
142-->src\main\AndroidManifest.xml:100:23-44
143                <data android:scheme="content" />
143-->src\main\AndroidManifest.xml:59:17-48
143-->src\main\AndroidManifest.xml:100:23-44
144                <data android:mimeType="*/*" />
144-->src\main\AndroidManifest.xml:59:17-48
144-->src\main\AndroidManifest.xml:59:23-45
145                <data android:host="*" />
145-->src\main\AndroidManifest.xml:59:17-48
145-->src\main\AndroidManifest.xml:104:23-39
146                <data android:pathPattern=".*\\.tshare" />
146-->src\main\AndroidManifest.xml:59:17-48
146-->src\main\AndroidManifest.xml:105:23-56
147                <data android:pathPattern=".*\\..*\\.tshare" />
147-->src\main\AndroidManifest.xml:59:17-48
147-->src\main\AndroidManifest.xml:105:23-56
148            </intent-filter>
149        </activity>
150        <activity
150-->src\main\AndroidManifest.xml:110:9-113:63
151            android:name="com.justemazine.shareyou.activity.ManageDevicesActivity"
151-->src\main\AndroidManifest.xml:111:13-83
152            android:label="@string/text_manageDevices"
152-->src\main\AndroidManifest.xml:112:13-55
153            android:theme="@style/Theme.TBShare.NoActionBar" />
153-->src\main\AndroidManifest.xml:113:13-61
154        <activity
154-->src\main\AndroidManifest.xml:115:9-117:51
155            android:name="com.justemazine.shareyou.activity.SearchActivity"
155-->src\main\AndroidManifest.xml:116:13-76
156            android:label="@string/butn_search" />
156-->src\main\AndroidManifest.xml:117:13-48
157        <activity
157-->src\main\AndroidManifest.xml:119:9-121:55
158            android:name="com.justemazine.shareyou.activity.TextEditorActivity"
158-->src\main\AndroidManifest.xml:120:13-80
159            android:label="@string/text_textEditor" />
159-->src\main\AndroidManifest.xml:121:13-52
160        <activity
160-->src\main\AndroidManifest.xml:123:9-130:20
161            android:name="com.justemazine.shareyou.activity.ChangeStoragePathActivity"
161-->src\main\AndroidManifest.xml:124:13-87
162            android:theme="@style/Base.Theme.AppCompat.Dialog" >
162-->src\main\AndroidManifest.xml:125:13-63
163            <intent-filter>
163-->src\main\AndroidManifest.xml:126:13-129:29
164                <action android:name="com.genonbeta.intent.action.UPDATE_STORAGE_PATH" />
164-->src\main\AndroidManifest.xml:127:17-90
164-->src\main\AndroidManifest.xml:127:25-87
165
166                <category android:name="android.intent.category.DEFAULT" />
166-->src\main\AndroidManifest.xml:58:17-76
166-->src\main\AndroidManifest.xml:58:27-73
167            </intent-filter>
168        </activity>
169        <activity
169-->src\main\AndroidManifest.xml:132:9-135:75
170            android:name="com.justemazine.shareyou.activity.BarcodeScannerActivity"
170-->src\main\AndroidManifest.xml:133:13-84
171            android:label="@string/text_scanQrCode"
171-->src\main\AndroidManifest.xml:134:13-52
172            android:theme="@style/Theme.TBShare.BarcodeScannerActivity" />
172-->src\main\AndroidManifest.xml:135:13-72
173        <activity
173-->src\main\AndroidManifest.xml:137:9-147:20
174            android:name="com.justemazine.shareyou.activity.SplashActivity"
174-->src\main\AndroidManifest.xml:138:13-76
175            android:label="@string/app_name"
175-->src\main\AndroidManifest.xml:139:13-45
176            android:theme="@style/Theme.TBShare.NoActionBar" >
176-->src\main\AndroidManifest.xml:140:13-61
177            <intent-filter>
177-->src\main\AndroidManifest.xml:142:13-145:29
178                <action android:name="android.intent.action.MAIN" />
178-->src\main\AndroidManifest.xml:143:17-69
178-->src\main\AndroidManifest.xml:143:25-66
179
180                <category android:name="android.intent.category.LAUNCHER" />
180-->src\main\AndroidManifest.xml:144:17-77
180-->src\main\AndroidManifest.xml:144:27-74
181            </intent-filter>
182        </activity>
183        <activity
183-->src\main\AndroidManifest.xml:148:9-150:63
184            android:name="com.justemazine.shareyou.activity.WebShareActivity"
184-->src\main\AndroidManifest.xml:148:19-84
185            android:label="Web Share"
185-->src\main\AndroidManifest.xml:149:13-38
186            android:theme="@style/Theme.TBShare.NoActionBar" />
186-->src\main\AndroidManifest.xml:150:13-61
187
188        <provider
189            android:name="androidx.core.content.FileProvider"
189-->src\main\AndroidManifest.xml:153:13-62
190            android:authorities="com.justemazine.shareyou.fileprovider"
190-->src\main\AndroidManifest.xml:154:13-64
191            android:exported="false"
191-->src\main\AndroidManifest.xml:155:13-37
192            android:grantUriPermissions="true" >
192-->src\main\AndroidManifest.xml:156:13-47
193            <meta-data
193-->src\main\AndroidManifest.xml:157:13-159:58
194                android:name="android.support.FILE_PROVIDER_PATHS"
194-->src\main\AndroidManifest.xml:158:17-67
195                android:resource="@xml/provider_paths" />
195-->src\main\AndroidManifest.xml:159:17-55
196        </provider>
197
198        <receiver
198-->src\main\AndroidManifest.xml:162:9-171:20
199            android:name="com.justemazine.shareyou.receiver.NetworkStatusReceiver"
199-->src\main\AndroidManifest.xml:163:13-83
200            android:process=":transfer" >
200-->src\main\AndroidManifest.xml:164:13-40
201            <intent-filter>
201-->src\main\AndroidManifest.xml:165:13-170:29
202                <action android:name="android.net.wifi.WIFI_STATE_CHANGED" />
202-->src\main\AndroidManifest.xml:166:17-78
202-->src\main\AndroidManifest.xml:166:25-75
203                <action android:name="android.net.wifi.WIFI_AP_STATE_CHANGED" />
203-->src\main\AndroidManifest.xml:167:17-81
203-->src\main\AndroidManifest.xml:167:25-78
204                <action android:name="android.net.wifi.STATE_CHANGE" />
204-->src\main\AndroidManifest.xml:168:17-72
204-->src\main\AndroidManifest.xml:168:25-69
205                <action android:name="android.net.wifi.p2p.CONNECTION_STATE_CHANGE" />
205-->src\main\AndroidManifest.xml:169:17-87
205-->src\main\AndroidManifest.xml:169:25-84
206            </intent-filter>
207        </receiver>
208        <receiver
208-->src\main\AndroidManifest.xml:172:9-174:43
209            android:name="com.justemazine.shareyou.receiver.DialogEventReceiver"
209-->src\main\AndroidManifest.xml:173:13-81
210            android:process=":transfer" />
210-->src\main\AndroidManifest.xml:174:13-40
211
212        <service
212-->src\main\AndroidManifest.xml:176:9-180:43
213            android:name="com.justemazine.shareyou.service.CommunicationService"
213-->src\main\AndroidManifest.xml:177:13-81
214            android:enabled="true"
214-->src\main\AndroidManifest.xml:178:13-35
215            android:label="@string/text_communicationService"
215-->src\main\AndroidManifest.xml:179:13-62
216            android:process=":transfer" />
216-->src\main\AndroidManifest.xml:180:13-40
217        <service
217-->src\main\AndroidManifest.xml:182:9-189:19
218            android:name="com.justemazine.shareyou.service.DeviceChooserService"
218-->src\main\AndroidManifest.xml:183:13-81
219            android:label="@string/text_chooserTargetService"
219-->src\main\AndroidManifest.xml:184:13-62
220            android:permission="android.permission.BIND_CHOOSER_TARGET_SERVICE" >
220-->src\main\AndroidManifest.xml:185:13-80
221            <intent-filter>
221-->src\main\AndroidManifest.xml:186:13-188:29
222                <action android:name="android.service.chooser.ChooserTargetService" />
222-->src\main\AndroidManifest.xml:187:17-87
222-->src\main\AndroidManifest.xml:187:25-84
223            </intent-filter>
224        </service>
225        <service android:name="com.justemazine.shareyou.service.DeviceScannerService" >
225-->src\main\AndroidManifest.xml:190:9-197:19
225-->src\main\AndroidManifest.xml:190:18-86
226            <intent-filter>
226-->src\main\AndroidManifest.xml:191:13-196:29
227                <action android:name="genonbeta.intent.action.SCAN_DEVICES" />
227-->src\main\AndroidManifest.xml:192:17-79
227-->src\main\AndroidManifest.xml:192:25-76
228                <action android:name="genonbeta.intent.action.ADD_IP" />
228-->src\main\AndroidManifest.xml:193:17-73
228-->src\main\AndroidManifest.xml:193:25-70
229
230                <category android:name="android.intent.category.DEFAULT" />
230-->src\main\AndroidManifest.xml:58:17-76
230-->src\main\AndroidManifest.xml:58:27-73
231            </intent-filter>
232        </service>
233        <service
233-->src\main\AndroidManifest.xml:199:9-201:58
234            android:name="com.justemazine.shareyou.service.WorkerService"
234-->src\main\AndroidManifest.xml:200:13-74
235            android:label="@string/text_workerService" />
235-->src\main\AndroidManifest.xml:201:13-55
236        <service
236-->src\main\AndroidManifest.xml:203:9-212:19
237            android:name="com.justemazine.shareyou.service.CommunicationToggleTile"
237-->src\main\AndroidManifest.xml:204:13-84
238            android:icon="@mipmap/ic_launcher"
238-->src\main\AndroidManifest.xml:205:13-47
239            android:label="@string/text_shareFiles"
239-->src\main\AndroidManifest.xml:206:13-52
240            android:permission="android.permission.BIND_QUICK_SETTINGS_TILE"
240-->src\main\AndroidManifest.xml:207:13-77
241            android:process=":transfer" >
241-->src\main\AndroidManifest.xml:208:13-40
242            <intent-filter>
242-->src\main\AndroidManifest.xml:209:13-211:29
243                <action android:name="android.service.quicksettings.action.QS_TILE" />
243-->src\main\AndroidManifest.xml:210:17-87
243-->src\main\AndroidManifest.xml:210:25-84
244            </intent-filter>
245        </service>
246
247        <meta-data
247-->[com.onesignal:OneSignal:3.14.1] AndroidManifest.xml:49:9-51:51
248            android:name="onesignal_app_id"
248-->[com.onesignal:OneSignal:3.14.1] AndroidManifest.xml:50:13-44
249            android:value="Your OneSignal ID" /> <!-- Deprecated - Pulled from OneSignal dashboard. -->
249-->[com.onesignal:OneSignal:3.14.1] AndroidManifest.xml:51:13-48
250        <meta-data
250-->[com.onesignal:OneSignal:3.14.1] AndroidManifest.xml:53:9-55:70
251            android:name="onesignal_google_project_number"
251-->[com.onesignal:OneSignal:3.14.1] AndroidManifest.xml:54:13-59
252            android:value="str:REMOTE" />
252-->[com.onesignal:OneSignal:3.14.1] AndroidManifest.xml:55:13-67
253
254        <receiver
254-->[com.onesignal:OneSignal:3.14.1] AndroidManifest.xml:57:9-67:20
255            android:name="com.onesignal.GcmBroadcastReceiver"
255-->[com.onesignal:OneSignal:3.14.1] AndroidManifest.xml:58:13-62
256            android:permission="com.google.android.c2dm.permission.SEND" >
256-->[com.onesignal:OneSignal:3.14.1] AndroidManifest.xml:59:13-73
257
258            <!-- High priority so OneSignal payloads can be filtered from other GCM receivers if filterOtherGCMReceivers is enabled. -->
259            <intent-filter android:priority="999" >
259-->[com.onesignal:OneSignal:3.14.1] AndroidManifest.xml:62:13-66:29
259-->[com.onesignal:OneSignal:3.14.1] AndroidManifest.xml:62:28-50
260                <action android:name="com.google.android.c2dm.intent.RECEIVE" />
260-->[com.onesignal:OneSignal:3.14.1] AndroidManifest.xml:63:17-81
260-->[com.onesignal:OneSignal:3.14.1] AndroidManifest.xml:63:25-78
261
262                <category android:name="com.justemazine.shareyou" />
262-->[com.onesignal:OneSignal:3.14.1] AndroidManifest.xml:65:17-61
262-->[com.onesignal:OneSignal:3.14.1] AndroidManifest.xml:65:27-58
263            </intent-filter>
264        </receiver>
265        <receiver android:name="com.onesignal.NotificationOpenedReceiver" />
265-->[com.onesignal:OneSignal:3.14.1] AndroidManifest.xml:68:9-77
265-->[com.onesignal:OneSignal:3.14.1] AndroidManifest.xml:68:19-74
266
267        <service android:name="com.onesignal.GcmIntentService" />
267-->[com.onesignal:OneSignal:3.14.1] AndroidManifest.xml:70:9-66
267-->[com.onesignal:OneSignal:3.14.1] AndroidManifest.xml:70:18-63
268        <service
268-->[com.onesignal:OneSignal:3.14.1] AndroidManifest.xml:71:9-73:72
269            android:name="com.onesignal.GcmIntentJobService"
269-->[com.onesignal:OneSignal:3.14.1] AndroidManifest.xml:72:13-61
270            android:permission="android.permission.BIND_JOB_SERVICE" />
270-->[com.onesignal:OneSignal:3.14.1] AndroidManifest.xml:73:13-69
271        <service
271-->[com.onesignal:OneSignal:3.14.1] AndroidManifest.xml:74:9-76:72
272            android:name="com.onesignal.RestoreJobService"
272-->[com.onesignal:OneSignal:3.14.1] AndroidManifest.xml:75:13-59
273            android:permission="android.permission.BIND_JOB_SERVICE" />
273-->[com.onesignal:OneSignal:3.14.1] AndroidManifest.xml:76:13-69
274        <service
274-->[com.onesignal:OneSignal:3.14.1] AndroidManifest.xml:77:9-79:72
275            android:name="com.onesignal.RestoreKickoffJobService"
275-->[com.onesignal:OneSignal:3.14.1] AndroidManifest.xml:78:13-66
276            android:permission="android.permission.BIND_JOB_SERVICE" />